


ARM Macro Assembler    Page 1 


    1 00000000         ;*******************************************************
                       **********************;
    2 00000000         ;Brief: This program is used to blink internal Green LED
                        on FRDM-KL46Z board  
    3 00000000         ;Name:  Dang Tai Dat
    4 00000000         ;Date:  14/11/2019
    5 00000000         ;Class:  CMPE-250
    6 00000000         ;Section:  Midterm Project
    7 00000000         ;-------------------------------------------------------
                       -----------------------
    8 00000000         ; Assembler Directives
    9 00000000                 THUMB
   10 00000000         ;*******************************************************
                       **********************;
   11 00000000                 AREA             Addr_const, DATA, READONLY
   12 00000000         
   13 00000000 F80FF0CC 
                       GPIO_PORTD_PTOR
                               EQU              0xF80FF0CC
   14 00000000 F80FF0D4 
                       GPIO_PORTD_PDDR
                               EQU              0xF80FF0D4  ;BASE: 0xF80FF0C0 P
                                                            DDR's offset: 0x14
   15 00000000 4004C000 
                       GPIO_PORTD_PCR
                               EQU              0x4004C000  ; PORTD_PCR_BASE
   16 00000000 00000020 
                       GPIO_PORTD_P5_SHIFT
                               EQU              (0x01 << 5)
   17 00000000 4004C014 
                       GPIO_PORTD_PCR5
                               EQU              0x4004C014  ;Pin 5 is Green LED
                                                            
   18 00000000 40048038 
                       SIM_BASE_SCGC5
                               EQU              0x40048038
   19 00000000 00001000 
                       SIM_SCGC5_PORTD_MASK
                               EQU              0x1000      ; port D Clock Gati
                                                            ng Control
   20 00000000 00000700 
                       PORT_PCR_MUX_MASK
                               EQU              0x700
   21 00000000 00000008 
                       PORT_PCR_MUX_SHIFT
                               EQU              0x08
   22 00000000 004C4B40 
                       DELAY   EQU              5000000
   23 00000000         
   24 00000000         ;*******************************************************
                       **********************;
   25 00000000         ;Replace some MASK to blink Red LED:            ;
   26 00000000         ; SIM_SCGC5_PORTD_MASK by SIM_SCGC5_PORTE_MASK: 0x2000  
                            ;
   27 00000000         ; GPIO_PORTE_PCR29       : 0x4004D074      ;
   28 00000000         ; GPIO_PORTE_P29_SHIFT       : (0x01 << 29)       ;
   29 00000000         ;*******************************************************
                       **********************;
   30 00000000                 AREA             MyCode, CODE, READONLY



ARM Macro Assembler    Page 2 


   31 00000000                 ENTRY
   32 00000000                 EXPORT           blink
   33 00000000         blink
   34 00000000         ;Enable clock for PORTD
   35 00000000         ;SIM->SCGC5 |= SIM_SCGC5_PORTD_MASK
   36 00000000 4912            LDR              R1, =SIM_BASE_SCGC5 ;Assign R1 
                                                            as address of SIM->
                                                            SCGC5
   37 00000002 6808            LDR              R0, [R1]    ;Use SIM->SCGC5's a
                                                            ddress value to imp
                                                            lement logicial ope
                                                            ration
   38 00000004 4A12            LDR              R2, =SIM_SCGC5_PORTD_MASK ;Assi
                                                            gn R2 PORTD_MASK
   39 00000006 4310            ORRS             R0, R2, R0  ;This enable clock 
                                                            signal in logic 
   40 00000008 6008            STR              R0, [R1]    ;This complete enab
                                                            ling clock signal
   41 0000000A         ;_value in SIM->SCGC5 in changed: it is logicial or bitw
                       ise with  
   42 0000000A         
   43 0000000A         ;Mux control
   44 0000000A         ;PORTD->PCR[5] = PORT_PCR_MUX(1) 
   45 0000000A         ;PORT_PCR_MUX(x) : (((uint32_t)(((uint32_t)(x)) << PORT_
                       PCR_MUX_SHIFT)) & PORT_PCR_MUX_MASK)
   46 0000000A         ;GPIO_PORTD_PCR5 :  0x4004C014 This value is Equated in 
                       Addr_const field
   47 0000000A 4A12            LDR              R2, =0x01
   48 0000000C 0213            LSLS             R3, R2, #PORT_PCR_MUX_SHIFT ;th
                                                            is make R3 stores t
                                                            he value (1 << 8) o
                                                            r GPIO
   49 0000000E 4A12            LDR              R2, =PORT_PCR_MUX_MASK
   50 00000010 401A            ANDS             R2, R3, R2  ;This make R2 store
                                                            s the value (((uint
                                                            32_t)(x)) << PORT_P
                                                            CR_MUX_SHIFT)) & PO
                                                            RT_PCR_MUX_MASK)
   51 00000012 4912            LDR              R1, =GPIO_PORTD_PCR5
   52 00000014 6808            LDR              R0, [R1]
   53 00000016 4C12            LDR              R4, =0xFFFFF8FF
   54 00000018 4020            ANDS             R0, R4, R0
   55 0000001A 4310            ORRS             R0, R2, R0
   56 0000001C 6008            STR              R0, [R1]    ;This make R1 or PT
                                                            D5 stores the value
                                                             (((uint32_t)(x)) <
                                                            < PORT_PCR_MUX_SHIF
                                                            T)) & PORT_PCR_MUX_
                                                            MASK)
   57 0000001E         
   58 0000001E         
   59 0000001E         ;Set the direction for PORTD
   60 0000001E         ;GPIOD->PDDR |= (1u << 5);
   61 0000001E 4911            LDR              R1, =GPIO_PORTD_PDDR ;Load addr
                                                            ess constant 
   62 00000020 6808            LDR              R0, [R1]    ;Make R0 points to 
                                                            GPIOD->PDDR
   63 00000022 4A11            LDR              R2, =GPIO_PORTD_P5_SHIFT ;The m
                                                            ask stands for (1 <



ARM Macro Assembler    Page 3 


                                                            < 5)
   64 00000024 4310            ORRS             R0, R0, R2  ;This set bit 5 of 
                                                            PORTD_DDR to 1
   65 00000026 6008            STR              R0, [R1]    ;This completes abo
                                                            ve logicial bitwise
                                                             operation 
   66 00000028         
   67 00000028         
   68 00000028         ;Infinite loop LED_BLINK
   69 00000028         LED_BLINK
   70 00000028         ;Set the data for PORTD to turn LED off
   71 00000028         ;PTD->PTOR |= (1u << 5)
   72 00000028 4910            LDR              R1, =GPIO_PORTD_PTOR
   73 0000002A 6808            LDR              R0, [R1]
   74 0000002C 4A0E            LDR              R2, =GPIO_PORTD_P5_SHIFT
   75 0000002E 4310            ORRS             R0, R0, R2  ;Toggle current out
                                                            put register. Outpu
                                                            t <- 1. The LED wil
                                                            l be turned off 
   76 00000030 6008            STR              R0, [R1]
   77 00000032         
   78 00000032         
   79 00000032         ;Delay loop
   80 00000032 4B0F            LDR              R3, =DELAY
   81 00000034         delay1
   82 00000034 3B01            SUBS             R3, #1      ; decrease R3, this
                                                             sets N,Z,V,C statu
                                                            s bits
   83 00000036 D1FD            BNE              delay1      ; if zero hasn't be
                                                            en reached yet, kee
                                                            p on decreasing
   84 00000038         
   85 00000038         ;Set the data for PORTD to turn LED off
   86 00000038 490C            LDR              R1, =GPIO_PORTD_PTOR
   87 0000003A 6808            LDR              R0, [R1]
   88 0000003C 4A0A            LDR              R2, =GPIO_PORTD_P5_SHIFT
   89 0000003E 4310            ORRS             R0, R0, R2  ;Toggle current out
                                                            put register. Outpu
                                                            t <- 0. The LED wil
                                                            l be turned on
   90 00000040 6008            STR              R0, [R1]
   91 00000042         
   92 00000042         ;Delay loop
   93 00000042 4B0B            LDR              R3, =DELAY
   94 00000044         delay2
   95 00000044 3B01            SUBS             R3, #1      ; decrement R3, thi
                                                            s sets N,Z,V,C stat
                                                            us bits        
   96 00000046 D1FD            BNE              delay2      ; if zero hasn't be
                                                            en reached yet, kee
                                                            p on decrementing
   97 00000048 E7EE            B                LED_BLINK
   98 0000004A 00 00           ALIGN
   99 0000004C                 END
              40048038 
              00001000 
              00000001 
              00000700 
              4004C014 



ARM Macro Assembler    Page 4 


              FFFFF8FF 
              F80FF0D4 
              00000020 
              F80FF0CC 
              004C4B40 
Command Line: --debug --xref --diag_suppress=9931 --cpu=Cortex-M0+ --apcs=inter
work --depend=.\objects\blink.d -o.\objects\blink.o -I.\RTE\Device\MKL46Z256VLL
4 -I.\RTE\_Target_1 -IC:\Users\Admin\AppData\Local\Arm\Packs\ARM\CMSIS\5.6.0\CM
SIS\Core\Include -IC:\Users\Admin\AppData\Local\Arm\Packs\NXP\MKL46Z4_DFP\10.0.
3 --predefine="__EVAL SETA 1" --predefine="__UVISION_VERSION SETA 528" --predef
ine="_RTE_ SETA 1" --predefine="CPU_MKL46Z256VLL4 SETA 1" --list=.\listings\bli
nk.lst blink.s



ARM Macro Assembler    Page 1 Alphabetic symbol ordering
Relocatable symbols

Addr_const 00000000

Symbol: Addr_const
   Definitions
      At line 11 in file blink.s
   Uses
      None
Comment: Addr_const unused
1 symbol



ARM Macro Assembler    Page 1 Alphabetic symbol ordering
Relocatable symbols

LED_BLINK 00000028

Symbol: LED_BLINK
   Definitions
      At line 69 in file blink.s
   Uses
      At line 97 in file blink.s
Comment: LED_BLINK used once
MyCode 00000000

Symbol: MyCode
   Definitions
      At line 30 in file blink.s
   Uses
      None
Comment: MyCode unused
blink 00000000

Symbol: blink
   Definitions
      At line 33 in file blink.s
   Uses
      At line 32 in file blink.s
Comment: blink used once
delay1 00000034

Symbol: delay1
   Definitions
      At line 81 in file blink.s
   Uses
      At line 83 in file blink.s
Comment: delay1 used once
delay2 00000044

Symbol: delay2
   Definitions
      At line 94 in file blink.s
   Uses
      At line 96 in file blink.s
Comment: delay2 used once
5 symbols



ARM Macro Assembler    Page 1 Alphabetic symbol ordering
Absolute symbols

DELAY 004C4B40

Symbol: DELAY
   Definitions
      At line 22 in file blink.s
   Uses
      At line 80 in file blink.s
      At line 93 in file blink.s

GPIO_PORTD_P5_SHIFT 00000020

Symbol: GPIO_PORTD_P5_SHIFT
   Definitions
      At line 16 in file blink.s
   Uses
      At line 63 in file blink.s
      At line 74 in file blink.s
      At line 88 in file blink.s

GPIO_PORTD_PCR 4004C000

Symbol: GPIO_PORTD_PCR
   Definitions
      At line 15 in file blink.s
   Uses
      None
Comment: GPIO_PORTD_PCR unused
GPIO_PORTD_PCR5 4004C014

Symbol: GPIO_PORTD_PCR5
   Definitions
      At line 17 in file blink.s
   Uses
      At line 51 in file blink.s
Comment: GPIO_PORTD_PCR5 used once
GPIO_PORTD_PDDR F80FF0D4

Symbol: GPIO_PORTD_PDDR
   Definitions
      At line 14 in file blink.s
   Uses
      At line 61 in file blink.s
Comment: GPIO_PORTD_PDDR used once
GPIO_PORTD_PTOR F80FF0CC

Symbol: GPIO_PORTD_PTOR
   Definitions
      At line 13 in file blink.s
   Uses
      At line 72 in file blink.s
      At line 86 in file blink.s

PORT_PCR_MUX_MASK 00000700

Symbol: PORT_PCR_MUX_MASK
   Definitions
      At line 20 in file blink.s
   Uses
      At line 49 in file blink.s



ARM Macro Assembler    Page 2 Alphabetic symbol ordering
Absolute symbols

Comment: PORT_PCR_MUX_MASK used once
PORT_PCR_MUX_SHIFT 00000008

Symbol: PORT_PCR_MUX_SHIFT
   Definitions
      At line 21 in file blink.s
   Uses
      At line 48 in file blink.s
Comment: PORT_PCR_MUX_SHIFT used once
SIM_BASE_SCGC5 40048038

Symbol: SIM_BASE_SCGC5
   Definitions
      At line 18 in file blink.s
   Uses
      At line 36 in file blink.s
Comment: SIM_BASE_SCGC5 used once
SIM_SCGC5_PORTD_MASK 00001000

Symbol: SIM_SCGC5_PORTD_MASK
   Definitions
      At line 19 in file blink.s
   Uses
      At line 38 in file blink.s
Comment: SIM_SCGC5_PORTD_MASK used once
10 symbols
352 symbols in table
