


ARM Macro Assembler    Page 1 


    1 00000000         ; Assembler Directives
    2 00000000                 THUMB
    3 00000000         ;************ Data Variables are declared in DATA AREA *
                       ***************;
    4 00000000                 AREA             Addr_const, DATA, READONLY
    5 00000000         
    6 00000000 F80FF0CC 
                       GPIO_PORTD_PTOR
                               EQU              0xF80FF0CC
    7 00000000 F80FF0D4 
                       GPIO_PORTD_PDDR
                               EQU              0xF80FF0D4  ;BASE is 0xF80FF0C0
                                                            , PDDR's offset is 
                                                            0x14
    8 00000000 4004C000 
                       GPIO_PORTD_PCR
                               EQU              0x4004C000  ; PORTD_PCR_BASE
    9 00000000 00000020 
                       GPIO_PORTD_P5_SHIFT
                               EQU              (0x01 << 5)
   10 00000000 4004C014 
                       GPIO_PORTD_PCR5
                               EQU              0x4004C014  ;Pin 5 is Green LED
                                                            
   11 00000000 40048038 
                       SIM_BASE_SCGC5
                               EQU              0x40048038
   12 00000000 00001000 
                       SIM_SCGC5_PORTD_MASK
                               EQU              0x1000      ; port D Clock Gati
                                                            ng Control
   13 00000000 00000700 
                       PORT_PCR_MUX_MASK
                               EQU              0x700
   14 00000000 00000008 
                       PORT_PCR_MUX_SHIFT
                               EQU              0x08
   15 00000000 004C4B40 
                       DELAY   EQU              5000000
   16 00000000         
   17 00000000         
   18 00000000         ; *** The user code (program) is placed in CODE AREA ***
                        ;
   19 00000000                 AREA             MyCode, CODE, READONLY
   20 00000000                 ENTRY
   21 00000000                 EXPORT           InitLED
   22 00000000         InitLED
   23 00000000         
   24 00000000         ;SIM->SCGC5 |= SIM_SCGC5_PORTD_MASK
   25 00000000         ;Enable clock for PORTD
   26 00000000 4908            LDR              R1, =SIM_BASE_SCGC5 ;Assign R1 
                                                            as address of SIM->
                                                            SCGC5
   27 00000002 6808            LDR              R0, [R1]    ;Use SIM->SCGC5's a
                                                            ddress value to imp
                                                            lement logicial ope
                                                            ration
   28 00000004 4A08            LDR              R2, =SIM_SCGC5_PORTD_MASK ;Assi
                                                            gn R2 PORTD_MASK



ARM Macro Assembler    Page 2 


   29 00000006 4310            ORRS             R0, R2, R0  ;This enable clock 
                                                            signal in logic 
   30 00000008 6008            STR              R0, [R1]    ;This complete enab
                                                            ling clock signal
   31 0000000A         ;_value in SIM->SCGC5 in changed: it is logicial or bitw
                       ise with  
   32 0000000A         
   33 0000000A         ;Mux control
   34 0000000A         ;PORTD->PCR[5] = PORT_PCR_MUX(1) 
   35 0000000A         ;PORT_PCR_MUX(x) : (((uint32_t)(((uint32_t)(x)) << PORT_
                       PCR_MUX_SHIFT)) & PORT_PCR_MUX_MASK)
   36 0000000A         ;GPIO_PORTD_PCR5 :  0x4004C014 This value is Equated in 
                       Addr_const field
   37 0000000A 4A08            LDR              R2, =0x01
   38 0000000C 0213            LSLS             R3, R2, #PORT_PCR_MUX_SHIFT ;th
                                                            is make R3 stores t
                                                            he value (1 << 8) o
                                                            r GPIO
   39 0000000E 4A08            LDR              R2, =PORT_PCR_MUX_MASK
   40 00000010 401A            ANDS             R2, R3, R2  ;This make R2 store
                                                            s the value (((uint
                                                            32_t)(x)) << PORT_P
                                                            CR_MUX_SHIFT)) & PO
                                                            RT_PCR_MUX_MASK)
   41 00000012 4908            LDR              R1, =GPIO_PORTD_PCR5
   42 00000014 6808            LDR              R0, [R1]
   43 00000016 4310            ORRS             R0, R2, R0
   44 00000018 6008            STR              R0, [R1]    ;This make R1 or PT
                                                            D5 stores the value
                                                             (((uint32_t)(x)) <
                                                            < PORT_PCR_MUX_SHIF
                                                            T)) & PORT_PCR_MUX_
                                                            MASK)
   45 0000001A         
   46 0000001A         
   47 0000001A         ;Set the direction for PORTD
   48 0000001A         ;GPIOD->PDDR |= (1u << 5);
   49 0000001A 4907            LDR              R1, =GPIO_PORTD_PDDR ;Load addr
                                                            ess constant 
   50 0000001C 6808            LDR              R0, [R1]    ;Make R0 points to 
                                                            GPIOD->PDDR
   51 0000001E 4A07            LDR              R2, =GPIO_PORTD_P5_SHIFT ;The m
                                                            ask stand for (1 <<
                                                             5)
   52 00000020 4310            ORRS             R0, R0, R2  ;This set bit 5 of 
                                                            PORTD_DDR to 1
   53 00000022 6008            STR              R0, [R1]    ;This completes 
   54 00000024         
   55 00000024         
   56 00000024                 END
              40048038 
              00001000 
              00000001 
              00000700 
              4004C014 
              F80FF0D4 
              00000020 
Command Line: --debug --xref --diag_suppress=9931 --cpu=Cortex-M0+ --apcs=inter
work --depend=.\objects\initled.d -o.\objects\initled.o -I.\RTE\Device\MKL46Z25



ARM Macro Assembler    Page 3 


6VLL4 -I.\RTE\_Target_1 -IC:\Users\Admin\AppData\Local\Arm\Packs\ARM\CMSIS\5.6.
0\CMSIS\Core\Include -IC:\Users\Admin\AppData\Local\Arm\Packs\NXP\MKL46Z4_DFP\1
0.0.3 --predefine="__EVAL SETA 1" --predefine="__UVISION_VERSION SETA 528" --pr
edefine="_RTE_ SETA 1" --predefine="CPU_MKL46Z256VLL4 SETA 1" --list=.\listings
\initled.lst InitLED.s



ARM Macro Assembler    Page 1 Alphabetic symbol ordering
Relocatable symbols

Addr_const 00000000

Symbol: Addr_const
   Definitions
      At line 4 in file InitLED.s
   Uses
      None
Comment: Addr_const unused
1 symbol



ARM Macro Assembler    Page 1 Alphabetic symbol ordering
Relocatable symbols

InitLED 00000000

Symbol: InitLED
   Definitions
      At line 22 in file InitLED.s
   Uses
      At line 21 in file InitLED.s
Comment: InitLED used once
MyCode 00000000

Symbol: MyCode
   Definitions
      At line 19 in file InitLED.s
   Uses
      None
Comment: MyCode unused
2 symbols



ARM Macro Assembler    Page 1 Alphabetic symbol ordering
Absolute symbols

DELAY 004C4B40

Symbol: DELAY
   Definitions
      At line 15 in file InitLED.s
   Uses
      None
Comment: DELAY unused
GPIO_PORTD_P5_SHIFT 00000020

Symbol: GPIO_PORTD_P5_SHIFT
   Definitions
      At line 9 in file InitLED.s
   Uses
      At line 51 in file InitLED.s
Comment: GPIO_PORTD_P5_SHIFT used once
GPIO_PORTD_PCR 4004C000

Symbol: GPIO_PORTD_PCR
   Definitions
      At line 8 in file InitLED.s
   Uses
      None
Comment: GPIO_PORTD_PCR unused
GPIO_PORTD_PCR5 4004C014

Symbol: GPIO_PORTD_PCR5
   Definitions
      At line 10 in file InitLED.s
   Uses
      At line 41 in file InitLED.s
Comment: GPIO_PORTD_PCR5 used once
GPIO_PORTD_PDDR F80FF0D4

Symbol: GPIO_PORTD_PDDR
   Definitions
      At line 7 in file InitLED.s
   Uses
      At line 49 in file InitLED.s
Comment: GPIO_PORTD_PDDR used once
GPIO_PORTD_PTOR F80FF0CC

Symbol: GPIO_PORTD_PTOR
   Definitions
      At line 6 in file InitLED.s
   Uses
      None
Comment: GPIO_PORTD_PTOR unused
PORT_PCR_MUX_MASK 00000700

Symbol: PORT_PCR_MUX_MASK
   Definitions
      At line 13 in file InitLED.s
   Uses
      At line 39 in file InitLED.s
Comment: PORT_PCR_MUX_MASK used once
PORT_PCR_MUX_SHIFT 00000008

Symbol: PORT_PCR_MUX_SHIFT



ARM Macro Assembler    Page 2 Alphabetic symbol ordering
Absolute symbols

   Definitions
      At line 14 in file InitLED.s
   Uses
      At line 38 in file InitLED.s
Comment: PORT_PCR_MUX_SHIFT used once
SIM_BASE_SCGC5 40048038

Symbol: SIM_BASE_SCGC5
   Definitions
      At line 11 in file InitLED.s
   Uses
      At line 26 in file InitLED.s
Comment: SIM_BASE_SCGC5 used once
SIM_SCGC5_PORTD_MASK 00001000

Symbol: SIM_SCGC5_PORTD_MASK
   Definitions
      At line 12 in file InitLED.s
   Uses
      At line 28 in file InitLED.s
Comment: SIM_SCGC5_PORTD_MASK used once
10 symbols
349 symbols in table
