


ARM Macro Assembler    Page 1 


    1 00000000         ; Assembler Directives
    2 00000000                 THUMB
    3 00000000         ;************ Data Variables are declared in DATA AREA *
                       ***************;
    4 00000000                 AREA             const_data , DATA, READONLY
    5 00000000         ; Initializing some constants
    6 00000000         ;System Clock Gating Control Register 5 (SIM_SCGC5) Addr
                       ess: 4004_7000h base + 1038h offset = 4004_8038h
    7 00000000 40048038 
                       SYSCTL_SCGC5_R
                               EQU              0x40048038
    8 00000000 40025400 
                       GPIO_PORTD_DIR_R
                               EQU              0x40025400
    9 00000000 4002551C 
                       GPIO_PORTD_DEN_R
                               EQU              0x4002551C
   10 00000000 400253FC 
                       GPIO_PORTD_DATA_R
                               EQU              0x400253FC
   11 00000000 0000000C 
                       GPIO_PORTD_CLK_EN
                               EQU              0x0C        ; 12 PORTD
   12 00000000 00000020 
                       GPIO_PORTD_PIN5_EN
                               EQU              (0x01 << 5) ; Pin 5 is Green LE
                                                            D
   13 00000000 004C4B40 
                       DELAY   EQU              5000000     ;Delay time
   14 00000000 00000020 
                       LED_ON  EQU              (0x01 << 5) ; use logical bitwi
                                                            se operation to tur
                                                            n LED on
   15 00000000 FFFFFFDF 
                       LED_OFF EQU              ~(0x01 << 5)
   16 00000000         
   17 00000000         
   18 00000000         ; *** The user code (program) is placed in CODE AREA ***
                        ;
   19 00000000                 AREA             MyCode, CODE, READONLY
   20 00000000                 ENTRY                        ; ENTRY marks the s
                                                            tarting point of
   21 00000000         ; the code execution
   22 00000000                 EXPORT           blink
   23 00000000         blink
   24 00000000         main
   25 00000000         ;User Code Starts from the next line
   26 00000000         
   27 00000000         ;Enable clock for PORTD
   28 00000000 4911            LDR              R1, =SYSCTL_SCGC5_R
   29 00000002 6808            LDR              R0, [R1]
   30 00000004 320C            ADDS             R2, #GPIO_PORTD_CLK_EN
   31 00000006 4310            ORRS             R0, R0, R2
   32 00000008 6008            STR              R0, [R1]
   33 0000000A BF00            NOP
   34 0000000C BF00            NOP
   35 0000000E BF00            NOP
   36 00000010         
   37 00000010         



ARM Macro Assembler    Page 2 


   38 00000010         ;Set the direction for PORTD
   39 00000010 490E            LDR              R1, =GPIO_PORTD_DIR_R
   40 00000012 6808            LDR              R0, [R1]
   41 00000014 3220            ADDS             R2, #GPIO_PORTD_PIN5_EN
   42 00000016 4310            ORRS             R0, R0, R2
   43 00000018 6008            STR              R0, [R1]
   44 0000001A         ;Digital enable for PORTD
   45 0000001A 490D            LDR              R1 , =GPIO_PORTD_DEN_R
   46 0000001C 6808            LDR              R0 , [R1]
   47 0000001E 3220            ADDS             R2, #GPIO_PORTD_PIN5_EN
   48 00000020 4310            ORRS             R0 , R0, R2
   49 00000022 6008            STR              R0 , [R1]
   50 00000024         
   51 00000024         
   52 00000024         ;Infinite loop LED_BLINK
   53 00000024         LED_BLINK
   54 00000024         ;Set the data for PORTD to turn LED on
   55 00000024 490B            LDR              R1 , =GPIO_PORTD_DATA_R
   56 00000026 6808            LDR              R0 , [R1]
   57 00000028 3220            ADDS             R2, #LED_ON
   58 0000002A 4310            ORRS             R0 , R0, R2
   59 0000002C 6008            STR              R0 , [R1]
   60 0000002E         
   61 0000002E         
   62 0000002E         ;Delay loop
   63 0000002E 4B0A            LDR              R3, =DELAY
   64 00000030         delay1
   65 00000030 3B01            SUBS             R3, #1
   66 00000032 D1FD            BNE              delay1
   67 00000034         
   68 00000034         ;Set the data for PORTD to turn LED off
   69 00000034 4907            LDR              R1 , =GPIO_PORTD_DATA_R
   70 00000036 6808            LDR              R0 , [R1]
   71 00000038 3A21            ADDS             R2, #LED_OFF
   72 0000003A 4010            ANDS             R0 , R0, R2
   73 0000003C 6008            STR              R0 , [R1]
   74 0000003E         
   75 0000003E         ;Delay loop
   76 0000003E 4B06            LDR              R3, =DELAY
   77 00000040         delay2
   78 00000040 3B01            SUBS             R3, #1
   79 00000042 D1FD            BNE              delay2
   80 00000044 E7EE            B                LED_BLINK
   81 00000046 00 00           ALIGN
   82 00000048                 END                          ; End of the progra
                                                            m , matched with EN
                                                            TRY keyword
              40048038 
              40025400 
              4002551C 
              400253FC 
              004C4B40 
Command Line: --debug --xref --diag_suppress=9931 --cpu=Cortex-M0+ --apcs=inter
work --depend=.\objects\startup_1.d -o.\objects\startup_1.o -I.\RTE\Device\MKL4
6Z256VLL4 -I.\RTE\_Target_1 -IC:\Users\Admin\AppData\Local\Arm\Packs\ARM\CMSIS\
5.6.0\CMSIS\Core\Include -IC:\Users\Admin\AppData\Local\Arm\Packs\NXP\MKL46Z4_D
FP\10.0.3 --predefine="__EVAL SETA 1" --predefine="__UVISION_VERSION SETA 528" 
--predefine="_RTE_ SETA 1" --predefine="CPU_MKL46Z256VLL4 SETA 1" --list=.\list
ings\startup.lst Startup.s



ARM Macro Assembler    Page 1 Alphabetic symbol ordering
Relocatable symbols

const_data 00000000

Symbol: const_data
   Definitions
      At line 4 in file Startup.s
   Uses
      None
Comment: const_data unused
1 symbol



ARM Macro Assembler    Page 1 Alphabetic symbol ordering
Relocatable symbols

LED_BLINK 00000024

Symbol: LED_BLINK
   Definitions
      At line 53 in file Startup.s
   Uses
      At line 80 in file Startup.s
Comment: LED_BLINK used once
MyCode 00000000

Symbol: MyCode
   Definitions
      At line 19 in file Startup.s
   Uses
      None
Comment: MyCode unused
blink 00000000

Symbol: blink
   Definitions
      At line 23 in file Startup.s
   Uses
      At line 22 in file Startup.s
Comment: blink used once
delay1 00000030

Symbol: delay1
   Definitions
      At line 64 in file Startup.s
   Uses
      At line 66 in file Startup.s
Comment: delay1 used once
delay2 00000040

Symbol: delay2
   Definitions
      At line 77 in file Startup.s
   Uses
      At line 79 in file Startup.s
Comment: delay2 used once
main 00000000

Symbol: main
   Definitions
      At line 24 in file Startup.s
   Uses
      None
Comment: main unused
6 symbols



ARM Macro Assembler    Page 1 Alphabetic symbol ordering
Absolute symbols

DELAY 004C4B40

Symbol: DELAY
   Definitions
      At line 13 in file Startup.s
   Uses
      At line 63 in file Startup.s
      At line 76 in file Startup.s

GPIO_PORTD_CLK_EN 0000000C

Symbol: GPIO_PORTD_CLK_EN
   Definitions
      At line 11 in file Startup.s
   Uses
      At line 30 in file Startup.s
Comment: GPIO_PORTD_CLK_EN used once
GPIO_PORTD_DATA_R 400253FC

Symbol: GPIO_PORTD_DATA_R
   Definitions
      At line 10 in file Startup.s
   Uses
      At line 55 in file Startup.s
      At line 69 in file Startup.s

GPIO_PORTD_DEN_R 4002551C

Symbol: GPIO_PORTD_DEN_R
   Definitions
      At line 9 in file Startup.s
   Uses
      At line 45 in file Startup.s
Comment: GPIO_PORTD_DEN_R used once
GPIO_PORTD_DIR_R 40025400

Symbol: GPIO_PORTD_DIR_R
   Definitions
      At line 8 in file Startup.s
   Uses
      At line 39 in file Startup.s
Comment: GPIO_PORTD_DIR_R used once
GPIO_PORTD_PIN5_EN 00000020

Symbol: GPIO_PORTD_PIN5_EN
   Definitions
      At line 12 in file Startup.s
   Uses
      At line 41 in file Startup.s
      At line 47 in file Startup.s

LED_OFF FFFFFFDF

Symbol: LED_OFF
   Definitions
      At line 15 in file Startup.s
   Uses
      At line 71 in file Startup.s
Comment: LED_OFF used once



ARM Macro Assembler    Page 2 Alphabetic symbol ordering
Absolute symbols

LED_ON 00000020

Symbol: LED_ON
   Definitions
      At line 14 in file Startup.s
   Uses
      At line 57 in file Startup.s
Comment: LED_ON used once
SYSCTL_SCGC5_R 40048038

Symbol: SYSCTL_SCGC5_R
   Definitions
      At line 7 in file Startup.s
   Uses
      At line 28 in file Startup.s
Comment: SYSCTL_SCGC5_R used once
9 symbols
352 symbols in table
